Using pre-set license

 COMMAND LINE ARGUMENTS:
/Applications/Unity/Hub/Editor/2020.3.11f1/Unity.app/Contents/MacOS/Unity
-adb2
-batchMode
-noUpm
-name
AssetImportWorker0
-projectPath
/Users/mac/Desktop/UnityProjects/WordBank
-logFile
Logs/AssetImportWorker0.log
-srvPort
55410
Successfully changed project path to: /Users/mac/Desktop/UnityProjects/WordBank
/Users/mac/Desktop/UnityProjects/WordBank
Using Asset Import Pipeline V2.
Refreshing native plugins compatible for Editor in 101.52 ms, found 3 plugins.
Preloading 0 native plugins for Editor in 0.00 ms.
Initialize engine version: 2020.3.11f1 (99c7afb366b3)
[Subsystems] Discovering subsystems at path /Applications/Unity/Hub/Editor/2020.3.11f1/Unity.app/Contents/Resources/UnitySubsystems
[Subsystems] Discovering subsystems at path /Users/mac/Desktop/UnityProjects/WordBank/Assets
GfxDevice: creating device client; threaded=0
2021-12-06 12:33:29.903 Unity[11658:7010534] Color LCD preferred device: Intel(R) HD Graphics 630 (low power)
2021-12-06 12:33:29.903 Unity[11658:7010534] Metal devices available: 2
2021-12-06 12:33:29.903 Unity[11658:7010534] 0: AMD Radeon Pro 560 (high power)
2021-12-06 12:33:29.903 Unity[11658:7010534] 1: Intel(R) HD Graphics 630 (low power)
2021-12-06 12:33:29.904 Unity[11658:7010534] Using device AMD Radeon Pro 560 (high power)
Initializing Metal device caps: AMD Radeon Pro 560
Initialize mono
Mono path[0] = '/Applications/Unity/Hub/Editor/2020.3.11f1/Unity.app/Contents/Managed'
Mono path[1] = '/Applications/Unity/Hub/Editor/2020.3.11f1/Unity.app/Contents/MonoBleedingEdge/lib/mono/unityjit'
Mono config path = '/Applications/Unity/Hub/Editor/2020.3.11f1/Unity.app/Contents/MonoBleedingEdge/etc'
Using monoOptions --debugger-agent=transport=dt_socket,embedding=1,server=y,suspend=n,address=127.0.0.1:56658
Begin MonoManager ReloadAssembly
Registering precompiled unity dll's ...
Register platform support module: /Applications/Unity/Hub/Editor/2020.3.11f1/Unity.app/Contents/PlaybackEngines/MacStandaloneSupport/UnityEditor.OSXStandalone.Extensions.dll
Registered in 0.003932 seconds.
Native extension for OSXStandalone target not found
Refreshing native plugins compatible for Editor in 69.99 ms, found 3 plugins.
Preloading 0 native plugins for Editor in 0.00 ms.
Mono: successfully reloaded assembly
- Completed reload, in  1.793 seconds
Platform modules already initialized, skipping
Registering precompiled user dll's ...
Registered in 0.007545 seconds.
Begin MonoManager ReloadAssembly
Native extension for OSXStandalone target not found
Refreshing native plugins compatible for Editor in 1.65 ms, found 3 plugins.
Preloading 0 native plugins for Editor in 0.00 ms.
Mono: successfully reloaded assembly
- Completed reload, in  1.477 seconds
Platform modules already initialized, skipping
========================================================================
Worker process is ready to serve import requests
Launching external process: /Applications/Unity/Hub/Editor/2020.3.11f1/Unity.app/Contents/Tools/UnityShaderCompiler
Launched and connected shader compiler UnityShaderCompiler after 0.01 seconds
Refreshing native plugins compatible for Editor in 1.03 ms, found 3 plugins.
Preloading 0 native plugins for Editor in 0.00 ms.
Unloading 1540 Unused Serialized files (Serialized files now loaded: 0)
System memory in use before: 150.3 MB.
System memory in use after: 150.2 MB.

Unloading 65 unused Assets to reduce memory usage. Loaded Objects now: 1928.
Total: 2.091731 ms (FindLiveObjects: 0.198466 ms CreateObjectMapping: 0.057688 ms MarkObjects: 1.632522 ms  DeleteObjects: 0.202090 ms)

========================================================================
Received Import Request.
  path: Assets/StreamingAssets
  artifactKey: Guid(fd1a96e49a9d44bbdabee3e9edb3d529) Importer(815301076,1909f56bfc062723c751e8b465ee728b)
Start importing Assets/StreamingAssets using Guid(fd1a96e49a9d44bbdabee3e9edb3d529) Importer(815301076,1909f56bfc062723c751e8b465ee728b)  -> (artifact id: '0afc0d553cfd21707dc8efcd6f7e5eb1') in 0.003494 seconds
  Import took 0.006288 seconds .

========================================================================
Received Import Request.
  Time since last request: 2.692300 seconds.
  path: Assets/AVProVideo
  artifactKey: Guid(20d480c373c3e474d9ab5f299191a537) Importer(815301076,1909f56bfc062723c751e8b465ee728b)
Start importing Assets/AVProVideo using Guid(20d480c373c3e474d9ab5f299191a537) Importer(815301076,1909f56bfc062723c751e8b465ee728b)  -> (artifact id: 'a9aa1ccb570d373dadd739cc06918dbe') in 0.001292 seconds
  Import took 0.005338 seconds .

========================================================================
Received Import Request.
  Time since last request: 1.253285 seconds.
  path: Assets/AVProVideo/Demos
  artifactKey: Guid(ac9801f71509e0a4c949a03ae8940ecf) Importer(815301076,1909f56bfc062723c751e8b465ee728b)
Start importing Assets/AVProVideo/Demos using Guid(ac9801f71509e0a4c949a03ae8940ecf) Importer(815301076,1909f56bfc062723c751e8b465ee728b)  -> (artifact id: 'b933b46fe3c6eb8eaeff735ad1cfaa19') in 0.006864 seconds
  Import took 0.010827 seconds .

========================================================================
Received Import Request.
  Time since last request: 0.000632 seconds.
  path: Assets/AVProVideo/Demos
  artifactKey: Guid(ac9801f71509e0a4c949a03ae8940ecf) Importer(815301076,1909f56bfc062723c751e8b465ee728b)
Start importing Assets/AVProVideo/Demos using Guid(ac9801f71509e0a4c949a03ae8940ecf) Importer(815301076,1909f56bfc062723c751e8b465ee728b)  -> (artifact id: 'b933b46fe3c6eb8eaeff735ad1cfaa19') in 0.001058 seconds
  Import took 0.004583 seconds .

========================================================================
Received Import Request.
  Time since last request: 1.896428 seconds.
  path: Assets/AVProVideo/Demos/Scenes
  artifactKey: Guid(071b80f70fe42d44ab5631af0998b01e) Importer(815301076,1909f56bfc062723c751e8b465ee728b)
Start importing Assets/AVProVideo/Demos/Scenes using Guid(071b80f70fe42d44ab5631af0998b01e) Importer(815301076,1909f56bfc062723c751e8b465ee728b)  -> (artifact id: 'a9b011ec39cc62f1e3d803ec5250767c') in 0.002786 seconds
  Import took 0.006886 seconds .

========================================================================
Received Import Request.
  Time since last request: 0.797348 seconds.
  path: Assets/AVProVideo/Demos/Scenes/01_Demo_BackgroundShader.unity
  artifactKey: Guid(b66b1e05c4242c84b9cfd13f593262ad) Importer(815301076,1909f56bfc062723c751e8b465ee728b)
Start importing Assets/AVProVideo/Demos/Scenes/01_Demo_BackgroundShader.unity using Guid(b66b1e05c4242c84b9cfd13f593262ad) Importer(815301076,1909f56bfc062723c751e8b465ee728b)  -> (artifact id: 'a62a5b26f877e3c6e991b8c0c2e9ccb8') in 0.021795 seconds
  Import took 0.026716 seconds .

========================================================================
Received Import Request.
  Time since last request: 0.504043 seconds.
  path: Assets/AVProVideo/Demos/Scenes/05_Demo_Multiple.unity
  artifactKey: Guid(98fe9081a719d104faa8c286d1c6d38c) Importer(815301076,1909f56bfc062723c751e8b465ee728b)
Start importing Assets/AVProVideo/Demos/Scenes/05_Demo_Multiple.unity using Guid(98fe9081a719d104faa8c286d1c6d38c) Importer(815301076,1909f56bfc062723c751e8b465ee728b)  -> (artifact id: 'af817c2fdb6e90b965a6962b04c960a8') in 0.007320 seconds
  Import took 0.011356 seconds .

========================================================================
Received Import Request.
  Time since last request: 0.431325 seconds.
  path: Assets/AVProVideo/Demos/Scenes/07_Demo_Mapping3D.unity
  artifactKey: Guid(18bdfcdc1227e60429aea892dfeb4354) Importer(815301076,1909f56bfc062723c751e8b465ee728b)
Start importing Assets/AVProVideo/Demos/Scenes/07_Demo_Mapping3D.unity using Guid(18bdfcdc1227e60429aea892dfeb4354) Importer(815301076,1909f56bfc062723c751e8b465ee728b)  -> (artifact id: 'bcda5210bd3ce64a9ab5a88e7b2a5d19') in 0.006942 seconds
  Import took 0.010736 seconds .

========================================================================
Received Import Request.
  Time since last request: 1.259792 seconds.
  path: Assets/AVProVideo/Demos/Scenes/06_Demo_FrameExtract.unity
  artifactKey: Guid(d7d059b9dc264504d9ebedd4fbc376c6) Importer(815301076,1909f56bfc062723c751e8b465ee728b)
Start importing Assets/AVProVideo/Demos/Scenes/06_Demo_FrameExtract.unity using Guid(d7d059b9dc264504d9ebedd4fbc376c6) Importer(815301076,1909f56bfc062723c751e8b465ee728b)  -> (artifact id: 'fe171e3542ce4a2aaf21943626e93192') in 0.001677 seconds
  Import took 0.005874 seconds .

========================================================================
Received Import Request.
  Time since last request: 0.581364 seconds.
  path: Assets/AVProVideo/Demos/Scenes/04_Demo_uGui.unity
  artifactKey: Guid(9e989ea0729df4845ba2bfbc06f4e42b) Importer(815301076,1909f56bfc062723c751e8b465ee728b)
Start importing Assets/AVProVideo/Demos/Scenes/04_Demo_uGui.unity using Guid(9e989ea0729df4845ba2bfbc06f4e42b) Importer(815301076,1909f56bfc062723c751e8b465ee728b)  -> (artifact id: 'fa85ba65b6ea09207a6aacf999a6d40d') in 0.001806 seconds
  Import took 0.006223 seconds .

========================================================================
Received Import Request.
  Time since last request: 0.832843 seconds.
  path: Assets/AVProVideo/Demos/Scenes/02_Demo_imGui.unity
  artifactKey: Guid(0a6e6b9ea31c98e4db14ba70479f8d9c) Importer(815301076,1909f56bfc062723c751e8b465ee728b)
Start importing Assets/AVProVideo/Demos/Scenes/02_Demo_imGui.unity using Guid(0a6e6b9ea31c98e4db14ba70479f8d9c) Importer(815301076,1909f56bfc062723c751e8b465ee728b)  -> (artifact id: '3d3e9724fd4c3ed118c6415156e18fdf') in 0.007187 seconds
  Import took 0.011229 seconds .

========================================================================
Received Import Request.
  Time since last request: 0.345873 seconds.
  path: Assets/AVProVideo/Demos/Scenes/03_Demo_VideoControls.unity
  artifactKey: Guid(13d63374585d9f948bba668db2d4fe5a) Importer(815301076,1909f56bfc062723c751e8b465ee728b)
Start importing Assets/AVProVideo/Demos/Scenes/03_Demo_VideoControls.unity using Guid(13d63374585d9f948bba668db2d4fe5a) Importer(815301076,1909f56bfc062723c751e8b465ee728b)  -> (artifact id: '192d0530558758f4f1c00f0b64413035') in 0.007034 seconds
  Import took 0.011706 seconds .

========================================================================
Received Import Request.
  Time since last request: 2.772159 seconds.
  path: Assets/AVProVideo/Demos/Scenes/08_Demo_360SphereVideo.unity
  artifactKey: Guid(46c885062d1f974438005e5b3d285ab6) Importer(815301076,1909f56bfc062723c751e8b465ee728b)
Start importing Assets/AVProVideo/Demos/Scenes/08_Demo_360SphereVideo.unity using Guid(46c885062d1f974438005e5b3d285ab6) Importer(815301076,1909f56bfc062723c751e8b465ee728b)  -> (artifact id: '63ae4dadd98db2b97a05c0b08ebd97ec') in 0.007055 seconds
  Import took 0.011364 seconds .

========================================================================
Received Import Request.
  Time since last request: 0.524462 seconds.
  path: Assets/AVProVideo/Demos/Scenes/09_Demo_360CubeVideo.unity
  artifactKey: Guid(a1dac1a17e01c1f45a4028186b8f8790) Importer(815301076,1909f56bfc062723c751e8b465ee728b)
Start importing Assets/AVProVideo/Demos/Scenes/09_Demo_360CubeVideo.unity using Guid(a1dac1a17e01c1f45a4028186b8f8790) Importer(815301076,1909f56bfc062723c751e8b465ee728b)  -> (artifact id: '6ab2f990321c0b5ee364a96019613fee') in 0.007317 seconds
  Import took 0.013192 seconds .

========================================================================
Received Import Request.
  Time since last request: 0.502985 seconds.
  path: Assets/AVProVideo/Demos/Scenes/10_Demo_Transparency.unity
  artifactKey: Guid(3fe422f8af6614643b78454f6721235c) Importer(815301076,1909f56bfc062723c751e8b465ee728b)
Start importing Assets/AVProVideo/Demos/Scenes/10_Demo_Transparency.unity using Guid(3fe422f8af6614643b78454f6721235c) Importer(815301076,1909f56bfc062723c751e8b465ee728b)  -> (artifact id: '530cc28d0fa9a4e5d1bb7afb8e340d83') in 0.001663 seconds
  Import took 0.005305 seconds .

========================================================================
Received Import Request.
  Time since last request: 0.985833 seconds.
  path: Assets/AVProVideo/Demos/Scenes/11_Demo_Subtitles.unity
  artifactKey: Guid(4952ee753c249b344918dda11e7f0c61) Importer(815301076,1909f56bfc062723c751e8b465ee728b)
Start importing Assets/AVProVideo/Demos/Scenes/11_Demo_Subtitles.unity using Guid(4952ee753c249b344918dda11e7f0c61) Importer(815301076,1909f56bfc062723c751e8b465ee728b)  -> (artifact id: 'd2ba3635bd942f5198e62ffeac38d199') in 0.007078 seconds
  Import took 0.011766 seconds .

========================================================================
Received Import Request.
  Time since last request: 0.783659 seconds.
  path: Assets/AVProVideo/Demos/Scenes/12_Demo_180SphereVideo.unity
  artifactKey: Guid(0ab5b786b15ee954eb49c576ae0f5ee3) Importer(815301076,1909f56bfc062723c751e8b465ee728b)
Start importing Assets/AVProVideo/Demos/Scenes/12_Demo_180SphereVideo.unity using Guid(0ab5b786b15ee954eb49c576ae0f5ee3) Importer(815301076,1909f56bfc062723c751e8b465ee728b)  -> (artifact id: '1538ded316456056a100e0a84072f3b6') in 0.007108 seconds
  Import took 0.010880 seconds .

========================================================================
Received Import Request.
  Time since last request: 1.785913 seconds.
  path: Assets/AVProVideo/Demos/Scenes/13_Demo_360StereoSpatialAudio.unity
  artifactKey: Guid(8f1720b718ee073438d125521c6f96e8) Importer(815301076,1909f56bfc062723c751e8b465ee728b)
Start importing Assets/AVProVideo/Demos/Scenes/13_Demo_360StereoSpatialAudio.unity using Guid(8f1720b718ee073438d125521c6f96e8) Importer(815301076,1909f56bfc062723c751e8b465ee728b)  -> (artifact id: '2b6af0ed32a446328d6c597fc6326eda') in 0.007045 seconds
  Import took 0.010807 seconds .

========================================================================
Received Import Request.
  Time since last request: 0.909643 seconds.
  path: Assets/AVProVideo/Demos/Scenes/14_Demo_PlaylistTransitions.unity
  artifactKey: Guid(2f5e432f133a85543a50ebf6bd1e3013) Importer(815301076,1909f56bfc062723c751e8b465ee728b)
Start importing Assets/AVProVideo/Demos/Scenes/14_Demo_PlaylistTransitions.unity using Guid(2f5e432f133a85543a50ebf6bd1e3013) Importer(815301076,1909f56bfc062723c751e8b465ee728b)  -> (artifact id: '21a660fd52562e5991a912a584532213') in 0.002331 seconds
  Import took 0.006865 seconds .

========================================================================
Received Import Request.
  Time since last request: 2.052582 seconds.
  path: Assets/AVProVideo/Demos/Scenes/15_Demo_Skybox.unity
  artifactKey: Guid(3ea1c09f37cfb714ea4496419f7a3050) Importer(815301076,1909f56bfc062723c751e8b465ee728b)
Start importing Assets/AVProVideo/Demos/Scenes/15_Demo_Skybox.unity using Guid(3ea1c09f37cfb714ea4496419f7a3050) Importer(815301076,1909f56bfc062723c751e8b465ee728b)  -> (artifact id: '8a19b5fac5922178be55c6bc2f493025') in 0.007053 seconds
  Import took 0.010826 seconds .

========================================================================
Received Prepare
Registering precompiled user dll's ...
Registered in 0.016361 seconds.
Begin MonoManager ReloadAssembly
Native extension for OSXStandalone target not found
Refreshing native plugins compatible for Editor in 1.09 ms, found 3 plugins.
Preloading 0 native plugins for Editor in 0.00 ms.
Mono: successfully reloaded assembly
- Completed reload, in  1.363 seconds
Platform modules already initialized, skipping
Switching build target platform(2) subTarget(0) extendedPlatform(0) -> platform(13) subTarget(537395200) extendedPlatform(0)
Refreshing native plugins compatible for Editor in 1.07 ms, found 3 plugins.
Preloading 0 native plugins for Editor in 0.00 ms.
Unloading 1517 Unused Serialized files (Serialized files now loaded: 0)
System memory in use before: 147.3 MB.
System memory in use after: 147.3 MB.

Unloading 60 unused Assets to reduce memory usage. Loaded Objects now: 1931.
Total: 2.703514 ms (FindLiveObjects: 0.240100 ms CreateObjectMapping: 0.054340 ms MarkObjects: 1.971472 ms  DeleteObjects: 0.436521 ms)

AssetImportParameters requested are different than current active one (requested -> active):
  custom:graphics/normal-map-encoding: 01000000000000000000000000000000 -> 02000000000000000000000000000000
========================================================================
Received Prepare
Registering precompiled user dll's ...
Registered in 0.006902 seconds.
Begin MonoManager ReloadAssembly
Native extension for OSXStandalone target not found
Refreshing native plugins compatible for Editor in 1.34 ms, found 3 plugins.
Preloading 0 native plugins for Editor in 0.00 ms.
Mono: successfully reloaded assembly
- Completed reload, in  1.217 seconds
Platform modules already initialized, skipping
Switching build target platform(2) subTarget(0) extendedPlatform(0) -> platform(13) subTarget(537395200) extendedPlatform(0)
Refreshing native plugins compatible for Editor in 1.12 ms, found 3 plugins.
Preloading 0 native plugins for Editor in 0.00 ms.
Unloading 1518 Unused Serialized files (Serialized files now loaded: 0)
System memory in use before: 147.5 MB.
System memory in use after: 147.5 MB.

Unloading 60 unused Assets to reduce memory usage. Loaded Objects now: 1935.
Total: 1.818370 ms (FindLiveObjects: 0.157644 ms CreateObjectMapping: 0.042781 ms MarkObjects: 1.445920 ms  DeleteObjects: 0.171166 ms)

AssetImportParameters requested are different than current active one (requested -> active):
  custom:graphics/normal-map-encoding: 01000000000000000000000000000000 -> 02000000000000000000000000000000
========================================================================
Received Prepare
Registering precompiled user dll's ...
Registered in 0.010926 seconds.
Begin MonoManager ReloadAssembly
Native extension for OSXStandalone target not found
Refreshing native plugins compatible for Editor in 1.11 ms, found 3 plugins.
Preloading 0 native plugins for Editor in 0.00 ms.
Mono: successfully reloaded assembly
- Completed reload, in  1.566 seconds
Platform modules already initialized, skipping
Switching build target platform(2) subTarget(0) extendedPlatform(0) -> platform(13) subTarget(537395200) extendedPlatform(0)
Refreshing native plugins compatible for Editor in 1.35 ms, found 3 plugins.
Preloading 0 native plugins for Editor in 0.00 ms.
Unloading 1523 Unused Serialized files (Serialized files now loaded: 0)
System memory in use before: 147.8 MB.
System memory in use after: 147.7 MB.

Unloading 60 unused Assets to reduce memory usage. Loaded Objects now: 1942.
Total: 3.257204 ms (FindLiveObjects: 0.175953 ms CreateObjectMapping: 0.094849 ms MarkObjects: 2.773248 ms  DeleteObjects: 0.211843 ms)

AssetImportParameters requested are different than current active one (requested -> active):
  custom:graphics/normal-map-encoding: 01000000000000000000000000000000 -> 02000000000000000000000000000000
========================================================================
Received Prepare
Registering precompiled user dll's ...
Registered in 0.009358 seconds.
Begin MonoManager ReloadAssembly
Native extension for OSXStandalone target not found
Refreshing native plugins compatible for Editor in 1.11 ms, found 3 plugins.
Preloading 0 native plugins for Editor in 0.00 ms.
Mono: successfully reloaded assembly
- Completed reload, in  1.180 seconds
Platform modules already initialized, skipping
Switching build target platform(2) subTarget(0) extendedPlatform(0) -> platform(13) subTarget(537395200) extendedPlatform(0)
Refreshing native plugins compatible for Editor in 1.25 ms, found 3 plugins.
Preloading 0 native plugins for Editor in 0.00 ms.
Unloading 1523 Unused Serialized files (Serialized files now loaded: 0)
System memory in use before: 148.0 MB.
System memory in use after: 147.9 MB.

Unloading 60 unused Assets to reduce memory usage. Loaded Objects now: 1944.
Total: 2.105363 ms (FindLiveObjects: 0.234687 ms CreateObjectMapping: 0.069231 ms MarkObjects: 1.592124 ms  DeleteObjects: 0.207458 ms)

AssetImportParameters requested are different than current active one (requested -> active):
  custom:graphics/normal-map-encoding: 01000000000000000000000000000000 -> 02000000000000000000000000000000
========================================================================
Received Import Request.
  Time since last request: 528.108693 seconds.
  path: Assets/StreamingAssets/AVProVideoSamples
  artifactKey: Guid(b1e363552644181419caa3e5db1c202e) Importer(815301076,1909f56bfc062723c751e8b465ee728b)
Start importing Assets/StreamingAssets/AVProVideoSamples using Guid(b1e363552644181419caa3e5db1c202e) Importer(815301076,1909f56bfc062723c751e8b465ee728b)  -> (artifact id: '80e91c360ca9b61e0176cac276c415c3') in 0.007333 seconds
  Import took 0.012385 seconds .

